<?xml version="1.0" encoding="UTF-8"?>
<!-- Generated by org.testng.reporters.JUnitXMLReporter -->
<testsuite ignored="0" hostname="DESKTOP-QQJINFP" failures="0" tests="19" name="Surefire test" time="1.286" errors="0" timestamp="2023-11-01T10:27:19 ART">
  <testcase classname="pruebas.Clase5bTest" name="@BeforeTest abrirNavegador" time="-1.69884523855E9">
    <failure type="org.testng.TestNGException" message="
Parameter &amp;apos;navegador&amp;apos; is required by BeforeTest on method abrirNavegador but has not been marked @Optional or defined
">
      <![CDATA[org.testng.TestNGException: 
Parameter 'navegador' is required by BeforeTest on method abrirNavegador but has not been marked @Optional or defined

... Removed 26 stack frames]]>
    </failure>
  </testcase> <!-- @BeforeTest abrirNavegador -->
  <testcase classname="edit.EducacionIT_65089.AccesoABaseDeDatosTest" name="testBaseDeDatos" time="0.0">
    <skipped/>
  </testcase> <!-- testBaseDeDatos -->
  <testcase classname="edit.EducacionIT_65089.AppTest" name="shouldAnswerWithTrue" time="0.0">
    <skipped/>
  </testcase> <!-- shouldAnswerWithTrue -->
  <testcase classname="edit.EducacionIT_65089.Clase1Test" name="buscarPalabraEnEdge" time="0.0">
    <skipped/>
  </testcase> <!-- buscarPalabraEnEdge -->
  <testcase classname="edit.EducacionIT_65089.Clase1Test" name="buscarPalabraEnFirefox" time="0.001">
    <skipped/>
  </testcase> <!-- buscarPalabraEnFirefox -->
  <testcase classname="edit.EducacionIT_65089.Clase2Test" name="registrarUsuario" time="0.0">
    <skipped/>
  </testcase> <!-- registrarUsuario -->
  <testcase classname="edit.EducacionIT_65089.Clase3Test" name="irAContactanos" time="0.0">
    <skipped/>
  </testcase> <!-- irAContactanos -->
  <testcase classname="edit.EducacionIT_65089.Clase3Test" name="buscarPalabra" time="0.0">
    <skipped/>
  </testcase> <!-- buscarPalabra -->
  <testcase classname="edit.EducacionIT_65089.MobileEmulationTest" name="testMobileEmulation" time="0.0">
    <skipped/>
  </testcase> <!-- testMobileEmulation -->
  <testcase classname="edit.EducacionIT_65089.ScrollScreenshotTest" name="scrollScreenshotTest" time="0.0">
    <skipped/>
  </testcase> <!-- scrollScreenshotTest -->
  <testcase classname="pruebas.Clase4Test" name="buscarPalabra" time="0.0">
    <skipped/>
  </testcase> <!-- buscarPalabra -->
  <testcase classname="pruebas.Clase4Test" name="login" time="0.001">
    <skipped/>
  </testcase> <!-- login -->
  <testcase classname="pruebas.Clase5bTest" name="buscarPalabra" time="0.0">
    <skipped/>
  </testcase> <!-- buscarPalabra -->
  <testcase classname="pruebas.Clase5Test" name="login" time="0.0">
    <skipped/>
  </testcase> <!-- login -->
  <testcase classname="pruebas.Clase5Test" name="login" time="0.0">
    <skipped/>
  </testcase> <!-- login -->
  <testcase classname="pruebas.Clase5Test" name="login" time="0.0">
    <skipped/>
  </testcase> <!-- login -->
  <testcase classname="pruebas.Clase5Test" name="login" time="0.001">
    <skipped/>
  </testcase> <!-- login -->
  <testcase classname="pruebas.Clase5Test" name="login" time="0.0">
    <skipped/>
  </testcase> <!-- login -->
  <testcase classname="pruebas.Clase6Test" name="alertaEspera" time="0.0">
    <skipped/>
  </testcase> <!-- alertaEspera -->
  <testcase classname="pruebas.Clase6Test" name="alertaNotificacion" time="0.0">
    <skipped/>
  </testcase> <!-- alertaNotificacion -->
</testsuite> <!-- Surefire test -->
