<!DOCTYPE html PUBLIC "-//W3C//DTD XHTML 1.1//EN" "https://www.w3.org/TR/xhtml11/DTD/xhtml11.dtd">
<html xmlns="https://www.w3.org/1999/xhtml">
<head>
<meta http-equiv="content-type" content="text/html; charset=UTF-8"/>
<title>TestNG Report</title>
<style type="text/css">table {margin-bottom:10px;border-collapse:collapse;empty-cells:show}th,td {border:1px solid #009;padding:.25em .5em}th {vertical-align:bottom}td {vertical-align:top}table a {font-weight:bold}.stripe td {background-color: #E6EBF9}.num {text-align:right}.passedodd td {background-color: #3F3}.passedeven td {background-color: #0A0}.skippedodd td {background-color: #DDD}.skippedeven td {background-color: #CCC}.failedodd td,.attn {background-color: #F33}.failedeven td,.stripe .attn {background-color: #D00}.stacktrace {white-space:pre;font-family:monospace}.totop {font-size:85%;text-align:center;border-bottom:2px solid #000}.invisible {display:none}</style>
</head>
<body>
<table>
<tr><th>Test</th><th># Passed</th><th># Skipped</th><th># Retried</th><th># Failed</th><th>Time (ms)</th><th>Included Groups</th><th>Excluded Groups</th></tr>
<tr><th colspan="8">Surefire suite</th></tr>
<tr><td><a href="#t0">Surefire test</a></td><td class="num">0</td><td class="num attn">19</td><td class="num">0</td><td class="num">0</td><td class="num">1.286</td><td></td><td></td></tr>
</table>
<table id='summary'><thead><tr><th>Class</th><th>Method</th><th>Start</th><th>Time (ms)</th></tr></thead><tbody><tr><th colspan="4">Surefire suite</th></tr></tbody><tbody id="t0"><tr><th colspan="4">Surefire test &#8212; failed (configuration methods)</th></tr><tr class="failedeven"><td rowspan="1">pruebas.Clase5bTest</td><td><a href="#m0">abrirNavegador</a></td><td rowspan="1">1698845238550</td><td rowspan="1">-1698845238550</td></tr><tr><th colspan="4">Surefire test &#8212; skipped (configuration methods)</th></tr><tr class="skippedeven"><td rowspan="1">edit.EducacionIT_65089.Clase3Test</td><td><a href="#m1">cerrarNavegador</a></td><td rowspan="1">1698845239905</td><td rowspan="1">0</td></tr><tr class="skippedodd"><td rowspan="1">pruebas.Clase4Test</td><td><a href="#m2">cerrarNavegador</a></td><td rowspan="1">1698845239906</td><td rowspan="1">0</td></tr><tr class="skippedeven"><td rowspan="1">pruebas.Clase5Test</td><td><a href="#m3">cerrarNavegador</a></td><td rowspan="1">1698845239907</td><td rowspan="1">0</td></tr><tr class="skippedodd"><td rowspan="1">pruebas.Clase5bTest</td><td><a href="#m4">cerrarNavegador</a></td><td rowspan="1">1698845239907</td><td rowspan="1">0</td></tr><tr class="skippedeven"><td rowspan="1">pruebas.Clase6Test</td><td><a href="#m5">cerrarNavegador</a></td><td rowspan="1">1698845239907</td><td rowspan="1">0</td></tr><tr><th colspan="4">Surefire test &#8212; skipped</th></tr><tr class="skippedeven"><td rowspan="1">edit.EducacionIT_65089.AccesoABaseDeDatosTest</td><td><a href="#m6">testBaseDeDatos</a></td><td rowspan="1">1698845238606</td><td rowspan="1">0</td></tr><tr class="skippedodd"><td rowspan="1">edit.EducacionIT_65089.AppTest</td><td><a href="#m7">shouldAnswerWithTrue</a></td><td rowspan="1">1698845238609</td><td rowspan="1">0</td></tr><tr class="skippedeven"><td rowspan="2">edit.EducacionIT_65089.Clase1Test</td><td><a href="#m8">buscarPalabraEnEdge</a></td><td rowspan="1">1698845238611</td><td rowspan="1">0</td></tr><tr class="skippedeven"><td><a href="#m9">buscarPalabraEnFirefox</a></td><td rowspan="1">1698845238611</td><td rowspan="1">1</td></tr><tr class="skippedodd"><td rowspan="1">edit.EducacionIT_65089.Clase2Test</td><td><a href="#m10">registrarUsuario</a></td><td rowspan="1">1698845238612</td><td rowspan="1">0</td></tr><tr class="skippedeven"><td rowspan="2">edit.EducacionIT_65089.Clase3Test</td><td><a href="#m11">buscarPalabra</a></td><td rowspan="1">1698845238614</td><td rowspan="1">0</td></tr><tr class="skippedeven"><td><a href="#m12">irAContactanos</a></td><td rowspan="1">1698845238613</td><td rowspan="1">0</td></tr><tr class="skippedodd"><td rowspan="1">edit.EducacionIT_65089.MobileEmulationTest</td><td><a href="#m13">testMobileEmulation</a></td><td rowspan="1">1698845238615</td><td rowspan="1">0</td></tr><tr class="skippedeven"><td rowspan="1">edit.EducacionIT_65089.ScrollScreenshotTest</td><td><a href="#m14">scrollScreenshotTest</a></td><td rowspan="1">1698845238616</td><td rowspan="1">0</td></tr><tr class="skippedodd"><td rowspan="2">pruebas.Clase4Test</td><td><a href="#m15">buscarPalabra</a></td><td rowspan="1">1698845238617</td><td rowspan="1">0</td></tr><tr class="skippedodd"><td><a href="#m16">login</a></td><td rowspan="1">1698845238617</td><td rowspan="1">1</td></tr><tr class="skippedeven"><td rowspan="5">pruebas.Clase5Test</td><td><a href="#m17">login</a></td><td rowspan="5">1698845239828</td><td rowspan="5">1</td></tr><tr class="skippedeven"><td><a href="#m18">login</a></td></tr><tr class="skippedeven"><td><a href="#m19">login</a></td></tr><tr class="skippedeven"><td><a href="#m20">login</a></td></tr><tr class="skippedeven"><td><a href="#m21">login</a></td></tr><tr class="skippedodd"><td rowspan="1">pruebas.Clase5bTest</td><td><a href="#m22">buscarPalabra</a></td><td rowspan="1">1698845238618</td><td rowspan="1">0</td></tr><tr class="skippedeven"><td rowspan="2">pruebas.Clase6Test</td><td><a href="#m23">alertaEspera</a></td><td rowspan="1">1698845239830</td><td rowspan="1">0</td></tr><tr class="skippedeven"><td><a href="#m24">alertaNotificacion</a></td><td rowspan="1">1698845239831</td><td rowspan="1">0</td></tr></tbody>
</table>
<h2>Surefire test</h2><h3 id="m0">pruebas.Clase5bTest#abrirNavegador</h3><table class="result"><tr><th>Exception</th></tr><tr><td><div class="stacktrace">org.testng.TestNGException: 
Parameter &apos;navegador&apos; is required by BeforeTest on method abrirNavegador but has not been marked @Optional or defined

... Removed 26 stack frames</div></td></tr></table><p class="totop"><a href="#summary">back to summary</a></p>
<h3 id="m1">edit.EducacionIT_65089.Clase3Test#cerrarNavegador</h3><table class="result"><tr><th class="invisible"/></tr></table><p class="totop"><a href="#summary">back to summary</a></p>
<h3 id="m2">pruebas.Clase4Test#cerrarNavegador</h3><table class="result"><tr><th class="invisible"/></tr></table><p class="totop"><a href="#summary">back to summary</a></p>
<h3 id="m3">pruebas.Clase5Test#cerrarNavegador</h3><table class="result"><tr><th class="invisible"/></tr></table><p class="totop"><a href="#summary">back to summary</a></p>
<h3 id="m4">pruebas.Clase5bTest#cerrarNavegador</h3><table class="result"><tr><th class="invisible"/></tr></table><p class="totop"><a href="#summary">back to summary</a></p>
<h3 id="m5">pruebas.Clase6Test#cerrarNavegador</h3><table class="result"><tr><th class="invisible"/></tr></table><p class="totop"><a href="#summary">back to summary</a></p>
<h3 id="m6">edit.EducacionIT_65089.AccesoABaseDeDatosTest#testBaseDeDatos</h3><table class="result"><tr><th>Exception</th></tr><tr><td><div class="stacktrace">org.testng.TestNGException: 
Parameter &apos;navegador&apos; is required by BeforeTest on method abrirNavegador but has not been marked @Optional or defined

... Removed 26 stack frames</div></td></tr></table><p class="totop"><a href="#summary">back to summary</a></p>
<h3 id="m7">edit.EducacionIT_65089.AppTest#shouldAnswerWithTrue</h3><table class="result"><tr><th>Exception</th></tr><tr><td><div class="stacktrace">org.testng.TestNGException: 
Parameter &apos;navegador&apos; is required by BeforeTest on method abrirNavegador but has not been marked @Optional or defined

... Removed 26 stack frames</div></td></tr></table><p class="totop"><a href="#summary">back to summary</a></p>
<h3 id="m8">edit.EducacionIT_65089.Clase1Test#buscarPalabraEnEdge</h3><table class="result"><tr><th>Exception</th></tr><tr><td><div class="stacktrace">org.testng.TestNGException: 
Parameter &apos;navegador&apos; is required by BeforeTest on method abrirNavegador but has not been marked @Optional or defined

... Removed 26 stack frames</div></td></tr></table><p class="totop"><a href="#summary">back to summary</a></p>
<h3 id="m9">edit.EducacionIT_65089.Clase1Test#buscarPalabraEnFirefox</h3><table class="result"><tr><th>Exception</th></tr><tr><td><div class="stacktrace">org.testng.TestNGException: 
Parameter &apos;navegador&apos; is required by BeforeTest on method abrirNavegador but has not been marked @Optional or defined

... Removed 26 stack frames</div></td></tr></table><p class="totop"><a href="#summary">back to summary</a></p>
<h3 id="m10">edit.EducacionIT_65089.Clase2Test#registrarUsuario</h3><table class="result"><tr><th>Exception</th></tr><tr><td><div class="stacktrace">org.testng.TestNGException: 
Parameter &apos;navegador&apos; is required by BeforeTest on method abrirNavegador but has not been marked @Optional or defined

... Removed 26 stack frames</div></td></tr></table><p class="totop"><a href="#summary">back to summary</a></p>
<h3 id="m11">edit.EducacionIT_65089.Clase3Test#buscarPalabra</h3><table class="result"><tr><th>Exception</th></tr><tr><td><div class="stacktrace">org.testng.TestNGException: 
Parameter &apos;navegador&apos; is required by BeforeTest on method abrirNavegador but has not been marked @Optional or defined

... Removed 26 stack frames</div></td></tr></table><p class="totop"><a href="#summary">back to summary</a></p>
<h3 id="m12">edit.EducacionIT_65089.Clase3Test#irAContactanos</h3><table class="result"><tr><th>Exception</th></tr><tr><td><div class="stacktrace">org.testng.TestNGException: 
Parameter &apos;navegador&apos; is required by BeforeTest on method abrirNavegador but has not been marked @Optional or defined

... Removed 26 stack frames</div></td></tr></table><p class="totop"><a href="#summary">back to summary</a></p>
<h3 id="m13">edit.EducacionIT_65089.MobileEmulationTest#testMobileEmulation</h3><table class="result"><tr><th>Exception</th></tr><tr><td><div class="stacktrace">org.testng.TestNGException: 
Parameter &apos;navegador&apos; is required by BeforeTest on method abrirNavegador but has not been marked @Optional or defined

... Removed 26 stack frames</div></td></tr></table><p class="totop"><a href="#summary">back to summary</a></p>
<h3 id="m14">edit.EducacionIT_65089.ScrollScreenshotTest#scrollScreenshotTest</h3><table class="result"><tr><th>Exception</th></tr><tr><td><div class="stacktrace">org.testng.TestNGException: 
Parameter &apos;navegador&apos; is required by BeforeTest on method abrirNavegador but has not been marked @Optional or defined

... Removed 26 stack frames</div></td></tr></table><p class="totop"><a href="#summary">back to summary</a></p>
<h3 id="m15">pruebas.Clase4Test#buscarPalabra</h3><table class="result"><tr><th>Exception</th></tr><tr><td><div class="stacktrace">org.testng.TestNGException: 
Parameter &apos;navegador&apos; is required by BeforeTest on method abrirNavegador but has not been marked @Optional or defined

... Removed 26 stack frames</div></td></tr></table><p class="totop"><a href="#summary">back to summary</a></p>
<h3 id="m16">pruebas.Clase4Test#login</h3><table class="result"><tr><th>Exception</th></tr><tr><td><div class="stacktrace">org.testng.TestNGException: 
Parameter &apos;navegador&apos; is required by BeforeTest on method abrirNavegador but has not been marked @Optional or defined

... Removed 26 stack frames</div></td></tr></table><p class="totop"><a href="#summary">back to summary</a></p>
<h3 id="m17">pruebas.Clase5Test#login</h3><table class="result"><tr class="param"><th>Parameter #1</th><th>Parameter #2</th></tr><tr class="param stripe"><td>correo04@mailinator.com</td><td>dscfwe3333</td></tr><tr><th colspan="2">Exception</th></tr><tr><td colspan="2"><div class="stacktrace">org.testng.TestNGException: 
Parameter &apos;navegador&apos; is required by BeforeTest on method abrirNavegador but has not been marked @Optional or defined

... Removed 26 stack frames</div></td></tr></table><p class="totop"><a href="#summary">back to summary</a></p>
<h3 id="m18">pruebas.Clase5Test#login</h3><table class="result"><tr class="param"><th>Parameter #1</th><th>Parameter #2</th></tr><tr class="param stripe"><td>correo05@mailinator.com</td><td>32eqe32e2de</td></tr><tr><th colspan="2">Exception</th></tr><tr><td colspan="2"><div class="stacktrace">org.testng.TestNGException: 
Parameter &apos;navegador&apos; is required by BeforeTest on method abrirNavegador but has not been marked @Optional or defined

... Removed 26 stack frames</div></td></tr></table><p class="totop"><a href="#summary">back to summary</a></p>
<h3 id="m19">pruebas.Clase5Test#login</h3><table class="result"><tr class="param"><th>Parameter #1</th><th>Parameter #2</th></tr><tr class="param stripe"><td>correo02@mailinator.com</td><td>3rw43r43wr</td></tr><tr><th colspan="2">Exception</th></tr><tr><td colspan="2"><div class="stacktrace">org.testng.TestNGException: 
Parameter &apos;navegador&apos; is required by BeforeTest on method abrirNavegador but has not been marked @Optional or defined

... Removed 26 stack frames</div></td></tr></table><p class="totop"><a href="#summary">back to summary</a></p>
<h3 id="m20">pruebas.Clase5Test#login</h3><table class="result"><tr class="param"><th>Parameter #1</th><th>Parameter #2</th></tr><tr class="param stripe"><td>correo03@mailinator.com</td><td>e3t4et3ww</td></tr><tr><th colspan="2">Exception</th></tr><tr><td colspan="2"><div class="stacktrace">org.testng.TestNGException: 
Parameter &apos;navegador&apos; is required by BeforeTest on method abrirNavegador but has not been marked @Optional or defined

... Removed 26 stack frames</div></td></tr></table><p class="totop"><a href="#summary">back to summary</a></p>
<h3 id="m21">pruebas.Clase5Test#login</h3><table class="result"><tr class="param"><th>Parameter #1</th><th>Parameter #2</th></tr><tr class="param stripe"><td>correo01@mailinator.com</td><td>21eq2e32qe</td></tr><tr><th colspan="2">Exception</th></tr><tr><td colspan="2"><div class="stacktrace">org.testng.TestNGException: 
Parameter &apos;navegador&apos; is required by BeforeTest on method abrirNavegador but has not been marked @Optional or defined

... Removed 26 stack frames</div></td></tr></table><p class="totop"><a href="#summary">back to summary</a></p>
<h3 id="m22">pruebas.Clase5bTest#buscarPalabra</h3><table class="result"><tr><th>Exception</th></tr><tr><td><div class="stacktrace">org.testng.TestNGException: 
Parameter &apos;navegador&apos; is required by BeforeTest on method abrirNavegador but has not been marked @Optional or defined

... Removed 26 stack frames</div></td></tr></table><p class="totop"><a href="#summary">back to summary</a></p>
<h3 id="m23">pruebas.Clase6Test#alertaEspera</h3><table class="result"><tr><th>Exception</th></tr><tr><td><div class="stacktrace">org.testng.TestNGException: 
Parameter &apos;navegador&apos; is required by BeforeTest on method abrirNavegador but has not been marked @Optional or defined

... Removed 26 stack frames</div></td></tr></table><p class="totop"><a href="#summary">back to summary</a></p>
<h3 id="m24">pruebas.Clase6Test#alertaNotificacion</h3><table class="result"><tr><th>Exception</th></tr><tr><td><div class="stacktrace">org.testng.TestNGException: 
Parameter &apos;navegador&apos; is required by BeforeTest on method abrirNavegador but has not been marked @Optional or defined

... Removed 26 stack frames</div></td></tr></table><p class="totop"><a href="#summary">back to summary</a></p>
</body>
</html>
